<?xml version="1.0" encoding="UTF-8"?>
<!-- Generated by org.testng.reporters.JUnitReportReporter -->
<testsuite skipped="0" hostname="knoldus-Vostro-3500" name="LoginGmail.NewTest" tests="1" failures="0" timestamp="07 Jun 2021 08:59:52 GMT" time="44.909" errors="0">
  <testcase name="Test_1" time="44.909" classname="LoginGmail.NewTest"/>
</testsuite> <!-- LoginGmail.NewTest -->
